20234226	11:42:56	 8f26913e-a2f0-457e-8ab7-b53c2b7f91e8	 GET	/osama	undefined 
20234226	11:42:58	 ead81667-d510-4cb3-91a4-3d40ae3d026e	 GET	/osama	undefined 
20234326	11:43:00	 bfde2b2b-1d7b-411f-8cd6-912227401cc2	 GET	/	undefined 
20234326	11:43:00	 dc256a40-7068-413e-a969-cf9cb2aa81a0	 GET	/public/css/style.css	undefined 
20234326	11:43:00	 3d389840-1332-48df-94ca-443243ddd98b	 GET	/imgs/logo.png	undefined 
20230926	12:09:28	 4fcf613f-6843-49ac-807d-ede49401bb48	 OPTIONS	/	https://www.google.com 
20230926	12:09:28	 f5e6d5f2-4297-409a-9720-56e990cddd89	 GET	/	https://www.google.com 
20232226	12:22:30	 82ad2e25-77c3-4b9c-8926-bead97152e00	 OPTIONS	/	https://www.google.com 
20232226	12:22:30	 07b19522-3454-454b-9514-be40f3e646d2	 GET	/	https://www.google.com 
20234026	12:40:18	 4ad21ea1-24db-429e-901e-f63221245090	 OPTIONS	/	https://www.google.com 
20234026	12:40:18	 14c3a6f8-e3bc-4e52-9d61-c00ccf4d4fc0	 GET	/	https://www.google.com 
20234126	12:41:10	 6fbf012b-d22d-45b3-b62e-cc1a639a5b99	 OPTIONS	/	https://www.google.com 
20234126	12:41:10	 a1df78df-83bd-465a-9920-5dc0d5a993d7	 GET	/	https://www.google.com 
20234126	12:41:33	 75582181-0000-4b50-8304-861be153a346	 OPTIONS	/	https://www.google.com 
20234126	12:41:33	 bb17ba80-220b-45e1-9e8e-b06f4c123078	 GET	/	https://www.google.com 
20231926	16:19:28	 8798fb80-f357-4b33-b57b-5249d379f895	 GET	/users	undefined 
20232126	16:21:25	 059755c9-77b5-43ee-98f6-32cbe857273a	 GET	/users	undefined 
20232726	16:27:58	 05bdd1d8-1669-4ae8-957a-4eb0496df419	 POST	/users	undefined 
20232926	16:29:05	 248774f8-4983-479b-bb2f-7cb8ea04c639	 POST	/users	undefined 
20233026	16:30:33	 6442275f-8ee3-4629-9dba-9d5b6f8a0f82	 POST	/users	undefined 
20233026	16:30:50	 eb6ac576-983c-401e-abe3-299b1fc59a69	 POST	/users	undefined 
20233226	16:32:47	 a5bb7b0d-c6a4-4ea7-a3b9-86ed3becb010	 POST	/users	undefined 
20233326	16:33:11	 1020d05a-878a-4a83-8007-f05696fd4513	 POST	/users	undefined 
20233326	16:33:35	 749db7f1-f0b6-4939-8244-a0cc75126933	 POST	/users	undefined 
20233326	16:33:46	 864f38e4-e20c-4a9a-9c26-dc48e388e407	 POST	/users	undefined 
20233526	16:35:26	 71f74378-1ace-4dce-a6da-851223ca993c	 POST	/users	undefined 
20233526	16:35:31	 78bd3594-3b20-4dc1-a3c7-82c5c89ebc69	 POST	/users	undefined 
20233626	16:36:10	 a3ddb28a-97ec-4199-87aa-f7d51d81a002	 POST	/users	undefined 
20234226	16:42:00	 dbe16b5f-22cb-4b1d-984f-9f80dd421775	 POST	/users	undefined 
20234426	16:44:39	 c5bfdaf6-b23b-412f-b757-2631ab4086ef	 GET	/users	undefined 
20234626	16:46:12	 0dbf1a73-c592-4dad-8aef-dcbefa34f43d	 GET	/users	undefined 
20234826	16:48:22	 415a40ee-55f2-4532-87d0-95af695c5d39	 GET	/users	undefined 
20235026	16:50:50	 e743c5c1-2147-4ce9-8345-eac223b2fd23	 POST	/users	undefined 
20235126	16:51:46	 25c447d4-f999-4b10-8ddc-57b6c9a3413f	 POST	/users	undefined 
20235326	16:53:10	 92c67d44-1595-48b1-8d4b-8073f6ae9c1a	 POST	/users	undefined 
20235326	16:53:30	 d80b2503-d44d-4440-ba22-e926d6a051a3	 POST	/users	undefined 
20235826	16:58:02	 c8e569fa-aae7-4eed-abd8-d804a843107b	 POST	/users	undefined 
20235826	16:58:17	 23448f12-154d-40cc-8b40-c1ad2c4a43dc	 POST	/users	undefined 
20230726	17:07:06	 1e8efbc6-e2e9-4933-934b-fcb83b15dbbc	 GET	/users	undefined 
20231126	17:11:56	 aa0247d6-b75d-49df-8204-f8f9d9c79ccb	 POST	/users	undefined 
20231126	17:11:59	 e22d40ac-b6cd-4f5c-9abb-c17b997284d7	 POST	/users	undefined 
20231226	17:12:37	 87a318a2-aa8b-48a6-a68d-15474fb3aaaa	 POST	/users	undefined 
20231326	17:13:12	 a8378eb4-ab29-486e-bc1e-7595088195c1	 POST	/users	undefined 
20231326	17:13:31	 a0295551-7c1c-4cbd-bc07-59c489b8ef44	 POST	/users	undefined 
20231326	17:13:36	 43b816c9-3720-4db6-902b-a6fc6dc99acb	 POST	/users	undefined 
20231426	17:14:23	 41fc8e38-5014-411a-aebc-8775dc5bc5d2	 POST	/users	undefined 
20233726	17:37:17	 fe364608-d313-4b48-939f-2a9f37b248f8	 POST	/users	undefined 
20233926	17:39:04	 b45d9ad5-f962-45ce-bcb1-697a0570f423	 POST	/users	undefined 
20234026	17:40:27	 b47d9307-a1be-4b5f-ac69-a5213d10cf5d	 POST	/users	undefined 
20233227	10:32:32	 4eb89b90-5815-4b34-b8d9-39760cfc05d8	 POST	/users	undefined 
20233427	10:34:09	 8b2e6479-4191-4f98-b374-455d32644ae6	 GET	/users	undefined 
20233527	10:35:43	 34d9bb7f-ee0e-4df8-8e44-b4e87c8c05f3	 PATCH	/users	undefined 
20233527	10:35:50	 ce006b8b-ed51-44b2-ae21-6c3523ed6e90	 PATCH	/users	undefined 
20233627	10:36:11	 9f46e6c0-c5b6-4767-bd2f-8595930141f7	 PATCH	/users	undefined 
20233627	10:36:28	 45024bd3-4157-4ba3-a55d-38913d0507cd	 GET	/users	undefined 
20233627	10:36:37	 89721601-a68b-4bc8-b719-d70f19d00039	 PATCH	/users	undefined 
20233627	10:36:54	 03cbe780-77b8-4828-86f3-8f640fa1e48c	 PATCH	/users	undefined 
20233827	10:38:27	 3c472897-d79d-4ee9-ba05-6d13fbe934ed	 GET	/users	undefined 
20233927	10:39:13	 9ef4dc15-64f6-4b09-be0b-78d0641a45af	 PATCH	/users	undefined 
20233927	10:39:40	 821f917e-eb9e-4633-be99-227edf4577b2	 PATCH	/users	undefined 
20233927	10:39:44	 a94ae6fb-1a28-4735-bcd1-c20f29f7ebe6	 PATCH	/users	undefined 
20233927	10:39:53	 b066dc50-5ca0-44cb-aeb6-ed4f36cf486c	 PATCH	/users	undefined 
20234027	10:40:07	 4a5f9c33-7e2e-4f88-9447-efbcce41b352	 PATCH	/users	undefined 
20234027	10:40:13	 835948bb-c934-4a23-ac36-867efe69b7f9	 PATCH	/users	undefined 
20234027	10:40:22	 86744a86-e276-4b42-86d8-1e25d7c34fe3	 PATCH	/users	undefined 
20234027	10:40:25	 fdc78354-dc14-437d-8ccf-10cfd83d7f3b	 PATCH	/users	undefined 
20234027	10:40:26	 caf51cd7-6fd6-4ec4-a0ce-e45a52880a55	 PATCH	/users	undefined 
20234227	10:42:13	 b89e2630-e7d1-4ba3-8a84-22f7a113e79f	 PATCH	/users	undefined 
20234227	10:42:22	 2a429d49-b837-45b6-9733-836bd465f1db	 PATCH	/users	undefined 
20234227	10:42:23	 9b978ae7-ecba-44c6-adce-327a26f8f497	 PATCH	/users	undefined 
20234227	10:42:32	 755b4a6f-d14a-4fc2-9291-077b41f3aa07	 GET	/users	undefined 
20234227	10:42:44	 350456d9-a304-4b47-9326-0ec3fbb68714	 GET	/users	undefined 
20234227	10:42:51	 2b0eb0c7-6db2-4747-84d6-5c67106aadc0	 PATCH	/users	undefined 
20234227	10:42:55	 df829b03-b3b6-49f1-8972-f9ecea5308d1	 PATCH	/users	undefined 
20234327	10:43:24	 5a9f4345-793c-45ae-a0b0-eaec7e3ddb66	 PATCH	/users	undefined 
20234427	10:44:05	 bf35d152-6266-4fbc-8c34-44675da38cb3	 PATCH	/users	undefined 
20234427	10:44:15	 1622ef56-9766-46a8-b12d-45c67c8aff1f	 GET	/users	undefined 
20234427	10:44:23	 fa58c109-4cf3-4abe-834a-1a9098c47262	 GET	/users	undefined 
20234427	10:44:25	 fb3431ca-b5b7-4edd-ab22-224a42aff1c9	 GET	/users	undefined 
20234427	10:44:36	 1663634f-a437-4ba6-a8b7-92ce1fb9071b	 PATCH	/users	undefined 
20234527	10:45:42	 d4270bad-fe21-4452-8edb-268d5eac985a	 PATCH	/users	undefined 
20234527	10:45:45	 4f79e0b8-1fb8-4168-9ed8-7c9965937176	 GET	/users	undefined 
20235027	10:50:46	 dee17c22-dab7-4d1c-ab72-5d74ee52adbd	 POST	/users	undefined 
20235027	10:50:54	 688c3f3b-8be3-49d3-84e3-76838860cfa7	 GET	/users	undefined 
20235127	10:51:17	 52cb46da-0f72-4b7c-b161-6e96fa1a3fca	 PATCH	/users	undefined 
20230827	11:08:16	 8ca8f59e-1c93-496e-9c77-75729f069ec1	 PATCH	/users	undefined 
20230827	11:08:18	 7157eb4a-e50d-4bcd-934e-c45301d28beb	 PATCH	/users	undefined 
20230827	11:08:24	 2ae164cb-2cf4-49ab-9f44-df860639645d	 PATCH	/users	undefined 
20230827	11:08:25	 b98aa784-20bb-4873-8dac-18eaed779741	 PATCH	/users	undefined 
20230827	11:08:28	 a39e46d7-690b-4ede-8458-610d456bbdab	 PATCH	/users	undefined 
20230827	11:08:29	 4b27b671-773e-4364-85bc-c4e29290347c	 PATCH	/users	undefined 
20230827	11:08:29	 02d29e3d-d966-4612-8c2a-69c4fb022d9c	 PATCH	/users	undefined 
20230827	11:08:35	 7e43bb47-ae86-4b7e-8f2c-5abb7f8b3ea8	 GET	/users	undefined 
20231427	11:14:38	 7dab3d23-dad0-403c-96e7-e41eeb791783	 GET	/users	undefined 
20231527	11:15:06	 261e249d-6231-4a02-9a62-adfaf307bfad	 POST	/users	undefined 
20231527	11:15:45	 5544f9ba-c40e-465f-a2da-16976e31a8da	 POST	/users	undefined 
20231627	11:16:03	 4e268ee5-0b86-4fd6-9a31-92819f561132	 PATCH	/users	undefined 
20231627	11:16:14	 b3b6c335-3eb6-4e6e-a75d-b6251d73b684	 PATCH	/users	undefined 
20231627	11:16:15	 6719bcee-5a99-4cce-a1b1-19069e970748	 PATCH	/users	undefined 
20231627	11:16:16	 67688683-d33e-48df-9676-0c884e691c7d	 PATCH	/users	undefined 
20231627	11:16:23	 7df92e70-3eee-4af2-a677-d3df88a2a3b3	 PATCH	/users	undefined 
20231627	11:16:32	 2ccc1617-bcfd-42ab-94e4-9f29450ed322	 PATCH	/users	undefined 
20231627	11:16:33	 6550af8c-661a-4bf0-b2ee-052d86df57a1	 PATCH	/users	undefined 
20231627	11:16:33	 22e5a084-cb74-44f3-8f17-421c43f961cb	 PATCH	/users	undefined 
20232127	11:21:09	 75dc9e41-1591-4ce8-95da-0f71fed70c8c	 PATCH	/users	undefined 
20232127	11:21:29	 747dc196-9d9a-4a76-b49a-ec62b5a8c026	 PATCH	/users	undefined 
20232127	11:21:43	 39938ce2-a303-4449-9b0c-eba7b6bf9634	 GET	/users	undefined 
20232127	11:21:58	 e10b01e4-5690-4206-9620-bff299b4f1cf	 PATCH	/users	undefined 
20232727	11:27:41	 c07b2c8b-dd0f-4640-ac45-74d68403ce82	 DELETE	/users	undefined 
20232827	11:28:18	 79de0078-3dd8-427e-b99a-c6caa9d16b15	 DELETE	/users	undefined 
20232827	11:28:23	 47b0df51-2a4d-41c2-8f8e-bd7b8d26d455	 DELETE	/users	undefined 
20232827	11:28:55	 dba613aa-3122-4ea7-9c6d-faaa63e590c2	 DELETE	/users	undefined 
20233027	11:30:11	 ba5b2e50-f5dd-4e14-ae6b-b8dd0ae87adc	 DELETE	/users	undefined 
20233127	11:31:35	 e041cb0c-ead8-404e-a459-0f58e052cad1	 DELETE	/users	undefined 
20233127	11:31:44	 e09b852f-9f9e-415c-86d5-5b9b83fc5965	 GET	/users	undefined 
20233127	11:31:59	 1278d360-072c-49cd-8de3-71aa4ab4d542	 DELETE	/users	undefined 
20233227	11:32:04	 f8815f70-35cc-4239-83fd-f17c28b7b8fd	 DELETE	/users	undefined 
20233227	11:32:40	 6d6b1802-b1d5-4c01-9b46-6b73ad16e7e4	 DELETE	/users	undefined 
20233927	11:39:07	 040e180e-bc7b-4b00-8a42-37be39919c47	 DELETE	/users	undefined 
20234127	11:41:28	 24fcf2a0-2bd7-448a-b148-f4d379594396	 DELETE	/users	undefined 
20234327	11:43:26	 91ffb570-8f3d-4c00-a86c-cd360af67c1c	 DELETE	/users	undefined 
20234427	11:44:02	 9427b7bb-c3f9-4bfa-ac5f-c26e4e9edcec	 GET	/users	undefined 
20234427	11:44:11	 4b2aa85e-f13f-4c08-9f6d-d585c95b5ca4	 DELETE	/users	undefined 
